2020/09/16 15:56:48 にビルドを開始しました。
     1>ノード 2 上のプロジェクト "C:\HOS\HOSProj\RTOS_sample\RTOS_sample\RTOS_sample.vcxproj" (build ターゲット)。
     1>InitializeBuildStatus:
         "Debug\RTOS_sample.unsuccessfulbuild" のタッチ タスクを実行しています。
       ClCompile:
         c:\Program Files (x86)\Microsoft Visual Studio 10.0\VC\bin\CL.exe /c /I"C:\HOS\hos-v4a\kernel\include" /ZI /nologo /W3 /WX- /Od /Oy- /D WIN32 /D _DEBUG /D _CONSOLE /D _UNICODE /D UNICODE /Gm /EHsc /RTC1 /MDd /GS /fp:precise /Zc:wchar_t /Zc:forScope /Fo"Debug\\" /Fd"Debug\vc100.pdb" /Gd /TC /analyze- /errorReport:prompt RTOS_sample.c
         RTOS_sample.c
     1>c:\hos\hosproj\rtos_sample\rtos_sample\rtos_sample.c(183): warning C4700: 初期化されていないローカル変数 'mba' が使用されます
         c:\Program Files (x86)\Microsoft Visual Studio 10.0\VC\bin\CL.exe /c /I"C:\HOS\hos-v4a\kernel\include" /ZI /nologo /W3 /WX- /Od /Oy- /D WIN32 /D _DEBUG /D _CONSOLE /D _UNICODE /D UNICODE /Gm /EHsc /RTC1 /MDd /GS /fp:precise /Zc:wchar_t /Zc:forScope /Fo"Debug\\" /Fd"Debug\vc100.pdb" /Gd /TP /analyze- /errorReport:prompt stdafx.cpp
         スキップ中... (関連する変更は検出されませんでした)
         stdafx.cpp
       ManifestResourceCompile:
         すべての出力が最新のものです。
       Link:
         c:\Program Files (x86)\Microsoft Visual Studio 10.0\VC\bin\link.exe /ERRORREPORT:PROMPT /OUT:"C:\HOS\HOSProj\RTOS_sample\Debug\RTOS_sample.exe" /INCREMENTAL /NOLOGO kernel32.lib user32.lib gdi32.lib winspool.lib comdlg32.lib advapi32.lib shell32.lib ole32.lib oleaut32.lib uuid.lib odbc32.lib odbccp32.lib kernel32.lib user32.lib gdi32.lib winspool.lib comdlg32.lib advapi32.lib shell32.lib ole32.lib oleaut32.lib uuid.lib odbc32.lib odbccp32.lib /MANIFEST /ManifestFile:"Debug\RTOS_sample.exe.intermediate.manifest" /MANIFESTUAC:"level='asInvoker' uiAccess='false'" /DEBUG /PDB:"C:\HOS\HOSProj\RTOS_sample\Debug\RTOS_sample.pdb" /SUBSYSTEM:CONSOLE /TLBID:1 /DYNAMICBASE /NXCOMPAT /IMPLIB:"C:\HOS\HOSProj\RTOS_sample\Debug\RTOS_sample.lib" /MACHINE:X86 Debug\RTOS_sample.exe.embed.manifest.res
         Debug\kernel_cfg.obj
         Debug\ostimer.obj
         Debug\RTOS_sample.obj
         Debug\stdafx.obj
         Debug\wintimer.obj
         hosv4a.lib
     1>RTOS_sample.obj : error LNK2019: 未解決の外部シンボル _cre_mbx が関数 _create_object で参照されました。
     1>RTOS_sample.obj : error LNK2019: 未解決の外部シンボル _cre_mpf が関数 _create_object で参照されました。
     1>C:\HOS\HOSProj\RTOS_sample\Debug\RTOS_sample.exe : fatal error LNK1120: 外部参照 2 が未解決です。
     1>プロジェクト "C:\HOS\HOSProj\RTOS_sample\RTOS_sample\RTOS_sample.vcxproj" (build ターゲット) のビルドが終了しました -- 失敗。

ビルドに失敗しました。

経過時間 00:00:00.45
